0 info it worked if it ends with ok
1 verbose cli [ 'node', '/usr/local/bin/npm', 'install', '-g', 'bower' ]
2 info using npm@3.7.5
3 info using node@v0.10.25
4 verbose node symlink /usr/bin/node
5 silly loadCurrentTree Starting
6 silly install loadCurrentTree
7 silly install readGlobalPackageData
8 silly fetchPackageMetaData bower
9 silly fetchNamedPackageData bower
10 silly mapToRegistry name bower
11 silly mapToRegistry using default registry
12 silly mapToRegistry registry https://registry.npmjs.org/
13 silly mapToRegistry uri https://registry.npmjs.org/bower
14 verbose request uri https://registry.npmjs.org/bower
15 verbose request no auth needed
16 info attempt registry request try #1 at 12:37:55
17 verbose request id 329a81056732ba06
18 verbose etag "1AKVYVYK36FUNTO2W7B3IWWFY"
19 http request GET https://registry.npmjs.org/bower
20 http 200 https://registry.npmjs.org/bower
21 verbose headers { server: 'CouchDB/1.5.0 (Erlang OTP/R16B03)',
21 verbose headers   etag: '"8YTHZDPXA0VGG8RTSPHYG1N08"',
21 verbose headers   'content-type': 'application/json',
21 verbose headers   'content-encoding': 'gzip',
21 verbose headers   'cache-control': 'max-age=300',
21 verbose headers   'content-length': '20354',
21 verbose headers   'accept-ranges': 'bytes',
21 verbose headers   date: 'Wed, 20 Apr 2016 08:37:54 GMT',
21 verbose headers   via: '1.1 varnish',
21 verbose headers   age: '244',
21 verbose headers   connection: 'keep-alive',
21 verbose headers   'x-served-by': 'cache-ams4136-AMS',
21 verbose headers   'x-cache': 'HIT',
21 verbose headers   'x-cache-hits': '8',
21 verbose headers   'x-timer': 'S1461141474.579897,VS0,VE0',
21 verbose headers   vary: 'Accept-Encoding' }
22 silly get cb [ 200,
22 silly get   { server: 'CouchDB/1.5.0 (Erlang OTP/R16B03)',
22 silly get     etag: '"8YTHZDPXA0VGG8RTSPHYG1N08"',
22 silly get     'content-type': 'application/json',
22 silly get     'content-encoding': 'gzip',
22 silly get     'cache-control': 'max-age=300',
22 silly get     'content-length': '20354',
22 silly get     'accept-ranges': 'bytes',
22 silly get     date: 'Wed, 20 Apr 2016 08:37:54 GMT',
22 silly get     via: '1.1 varnish',
22 silly get     age: '244',
22 silly get     connection: 'keep-alive',
22 silly get     'x-served-by': 'cache-ams4136-AMS',
22 silly get     'x-cache': 'HIT',
22 silly get     'x-cache-hits': '8',
22 silly get     'x-timer': 'S1461141474.579897,VS0,VE0',
22 silly get     vary: 'Accept-Encoding' } ]
23 verbose get saving bower to /home/luke/.npm/registry.npmjs.org/bower/.cache.json
24 verbose correctMkdir /home/luke/.npm correctMkdir not in flight; initializing
25 silly install normalizeTree
26 silly loadCurrentTree Finishing
27 silly loadIdealTree Starting
28 silly install loadIdealTree
29 silly cloneCurrentTree Starting
30 silly install cloneCurrentTreeToIdealTree
31 silly cloneCurrentTree Finishing
32 silly loadShrinkwrap Starting
33 silly install loadShrinkwrap
34 silly loadShrinkwrap Finishing
35 silly loadAllDepsIntoIdealTree Starting
36 silly install loadAllDepsIntoIdealTree
37 silly resolveWithNewModule bower@1.7.9 checking installable status
38 silly cache add args [ 'bower', null ]
39 verbose cache add spec bower
40 silly cache add parsed spec { raw: 'bower',
40 silly cache add   scope: null,
40 silly cache add   name: 'bower',
40 silly cache add   rawSpec: '',
40 silly cache add   spec: 'latest',
40 silly cache add   type: 'tag' }
41 silly addNamed bower@latest
42 verbose addNamed "latest" is being treated as a dist-tag for bower
43 info addNameTag [ 'bower', 'latest' ]
44 silly mapToRegistry name bower
45 silly mapToRegistry using default registry
46 silly mapToRegistry registry https://registry.npmjs.org/
47 silly mapToRegistry uri https://registry.npmjs.org/bower
48 verbose addNameTag registry:https://registry.npmjs.org/bower not in flight; fetching
49 verbose get https://registry.npmjs.org/bower not expired, no request
50 silly addNameTag next cb for bower with tag latest
51 silly addNamed bower@1.7.9
52 verbose addNamed "1.7.9" is a plain semver version for bower
53 silly mapToRegistry name bower
54 silly mapToRegistry using default registry
55 silly mapToRegistry registry https://registry.npmjs.org/
56 silly mapToRegistry uri https://registry.npmjs.org/bower
57 verbose addRemoteTarball https://registry.npmjs.org/bower/-/bower-1.7.9.tgz not in flight; adding
58 verbose addRemoteTarball [ 'https://registry.npmjs.org/bower/-/bower-1.7.9.tgz',
58 verbose addRemoteTarball   'b7296c2393e0d75edaa6ca39648132dd255812b0' ]
59 info retry fetch attempt 1 at 12:37:55
60 info attempt registry request try #1 at 12:37:55
61 http fetch GET https://registry.npmjs.org/bower/-/bower-1.7.9.tgz
62 http fetch 200 https://registry.npmjs.org/bower/-/bower-1.7.9.tgz
63 silly fetchAndShaCheck shasum b7296c2393e0d75edaa6ca39648132dd255812b0
64 verbose addTmpTarball /tmp/npm-4432-cf8544c0/registry.npmjs.org/bower/-/bower-1.7.9.tgz not in flight; adding
65 verbose addTmpTarball already have metadata; skipping unpack for bower@1.7.9
66 verbose correctMkdir /home/luke/.npm correctMkdir not in flight; initializing
67 silly cache afterAdd bower@1.7.9
68 verbose afterAdd /home/luke/.npm/bower/1.7.9/package/package.json not in flight; writing
69 verbose correctMkdir /home/luke/.npm correctMkdir not in flight; initializing
70 verbose afterAdd /home/luke/.npm/bower/1.7.9/package/package.json written
71 silly loadAllDepsIntoIdealTree Finishing
72 silly idealTree:prePrune lib
72 silly idealTree:prePrune └── bower@1.7.9
73 silly loadIdealTree Finishing
74 silly currentTree lib
75 silly idealTree lib
75 silly idealTree └── bower@1.7.9
76 silly generateActionsToTake Starting
77 silly install generateActionsToTake
78 warn checkPermissions Missing write access to /usr/lib
79 silly rollbackFailedOptional Starting
80 silly rollbackFailedOptional Finishing
81 silly runTopLevelLifecycles Starting
82 silly runTopLevelLifecycles Finishing
83 silly install printInstalled
84 verbose stack Error: EACCES, access '/usr/lib'
84 verbose stack     at module.exports (/usr/local/lib/node_modules/npm/lib/install/access-error.js:4:18)
84 verbose stack     at /usr/local/lib/node_modules/npm/lib/install/writable.js:30:25
84 verbose stack     at /usr/local/lib/node_modules/npm/node_modules/graceful-fs/graceful-fs.js:232:16
84 verbose stack     at Object.oncomplete (fs.js:107:15)
85 verbose cwd /home/luke/Software/projects_software/student-helper/src/main/webapp/static
86 error Linux 3.19.0-30-generic
87 error argv "node" "/usr/local/bin/npm" "install" "-g" "bower"
88 error node v0.10.25
89 error npm  v3.7.5
90 error path /usr/lib
91 error code EACCES
92 error Error: EACCES, access '/usr/lib'
92 error     at module.exports (/usr/local/lib/node_modules/npm/lib/install/access-error.js:4:18)
92 error     at /usr/local/lib/node_modules/npm/lib/install/writable.js:30:25
92 error     at /usr/local/lib/node_modules/npm/node_modules/graceful-fs/graceful-fs.js:232:16
92 error     at Object.oncomplete (fs.js:107:15)
92 error  { [Error: EACCES, access '/usr/lib'] code: 'EACCES', path: '/usr/lib' }
93 error Please try running this command again as root/Administrator.
94 verbose exit [ 1, true ]
